2026-03-30T18:09:50.853+03:00  INFO 33726 --- [Banking-Backend-API] [main] c.e.b.BankingBackendApiApplication       : Starting BankingBackendApiApplication using Java 25.0.2 with PID 33726 (/Users/gayanthachamith/Documents/Banking-Backend-API/target/classes started by gayanthachamith in /Users/gayanthachamith/Documents/Banking-Backend-API)
2026-03-30T18:09:50.854+03:00 DEBUG 33726 --- [Banking-Backend-API] [main] c.e.b.BankingBackendApiApplication       : Running with Spring Boot v4.0.5, Spring v7.0.6
2026-03-30T18:09:50.855+03:00  INFO 33726 --- [Banking-Backend-API] [main] c.e.b.BankingBackendApiApplication       : No active profile set, falling back to 1 default profile: "default"
2026-03-30T18:09:51.146+03:00  INFO 33726 --- [Banking-Backend-API] [main] .s.d.r.c.RepositoryConfigurationDelegate : Bootstrapping Spring Data JPA repositories in DEFAULT mode.
2026-03-30T18:09:51.169+03:00  INFO 33726 --- [Banking-Backend-API] [main] .s.d.r.c.RepositoryConfigurationDelegate : Finished Spring Data repository scanning in 19 ms. Found 3 JPA repository interfaces.
2026-03-30T18:09:51.352+03:00  INFO 33726 --- [Banking-Backend-API] [main] o.s.boot.tomcat.TomcatWebServer          : Tomcat initialized with port 8080 (http)
2026-03-30T18:09:51.360+03:00  INFO 33726 --- [Banking-Backend-API] [main] o.apache.catalina.core.StandardService   : Starting service [Tomcat]
2026-03-30T18:09:51.360+03:00  INFO 33726 --- [Banking-Backend-API] [main] o.apache.catalina.core.StandardEngine    : Starting Servlet engine: [Apache Tomcat/11.0.20]
2026-03-30T18:09:51.378+03:00  INFO 33726 --- [Banking-Backend-API] [main] b.w.c.s.WebApplicationContextInitializer : Root WebApplicationContext: initialization completed in 497 ms
2026-03-30T18:09:51.462+03:00  INFO 33726 --- [Banking-Backend-API] [main] org.hibernate.orm.jpa                    : HHH008540: Processing PersistenceUnitInfo [name: default]
2026-03-30T18:09:51.490+03:00  INFO 33726 --- [Banking-Backend-API] [main] org.hibernate.orm.core                   : HHH000001: Hibernate ORM core version 7.2.7.Final
2026-03-30T18:09:51.687+03:00  INFO 33726 --- [Banking-Backend-API] [main] o.s.o.j.p.SpringPersistenceUnitInfo      : No LoadTimeWeaver setup: ignoring JPA class transformer
2026-03-30T18:09:51.703+03:00  INFO 33726 --- [Banking-Backend-API] [main] com.zaxxer.hikari.HikariDataSource       : HikariPool-1 - Starting...
2026-03-30T18:09:51.749+03:00  INFO 33726 --- [Banking-Backend-API] [main] com.zaxxer.hikari.pool.HikariPool        : HikariPool-1 - Added connection org.postgresql.jdbc.PgConnection@42dd7d82
2026-03-30T18:09:51.750+03:00  INFO 33726 --- [Banking-Backend-API] [main] com.zaxxer.hikari.HikariDataSource       : HikariPool-1 - Start completed.
2026-03-30T18:09:51.780+03:00  WARN 33726 --- [Banking-Backend-API] [main] org.hibernate.orm.deprecation            : HHH90000025: PostgreSQLDialect does not need to be specified explicitly using 'hibernate.dialect' (remove the property setting and it will be selected by default)
2026-03-30T18:09:51.792+03:00  INFO 33726 --- [Banking-Backend-API] [main] org.hibernate.orm.connections.pooling    : HHH10001005: Database info:
	Database JDBC URL [jdbc:postgresql://localhost:5432/banking_db]
	Database driver: PostgreSQL JDBC Driver
	Database dialect: PostgreSQLDialect
	Database version: 14.21
	Default catalog/schema: banking_db/public
	Autocommit mode: undefined/unknown
	Isolation level: READ_COMMITTED [default READ_COMMITTED]
	JDBC fetch size: none
	Pool: DataSourceConnectionProvider
	Minimum pool size: undefined/unknown
	Maximum pool size: undefined/unknown
2026-03-30T18:09:52.199+03:00  INFO 33726 --- [Banking-Backend-API] [main] org.hibernate.orm.core                   : HHH000489: No JTA platform available (set 'hibernate.transaction.jta.platform' to enable JTA platform integration)
2026-03-30T18:09:52.258+03:00  INFO 33726 --- [Banking-Backend-API] [main] j.LocalContainerEntityManagerFactoryBean : Initialized JPA EntityManagerFactory for persistence unit 'default'
2026-03-30T18:09:52.296+03:00  INFO 33726 --- [Banking-Backend-API] [main] o.s.d.j.r.query.QueryEnhancerFactories   : Hibernate is in classpath; If applicable, HQL parser will be used.
2026-03-30T18:09:52.432+03:00  WARN 33726 --- [Banking-Backend-API] [main] JpaBaseConfiguration$JpaWebConfiguration : spring.jpa.open-in-view is enabled by default. Therefore, database queries may be performed during view rendering. Explicitly configure spring.jpa.open-in-view to disable this warning
2026-03-30T18:09:52.580+03:00  INFO 33726 --- [Banking-Backend-API] [main] o.s.boot.tomcat.TomcatWebServer          : Tomcat started on port 8080 (http) with context path '/'
2026-03-30T18:09:52.582+03:00  INFO 33726 --- [Banking-Backend-API] [main] c.e.b.BankingBackendApiApplication       : Started BankingBackendApiApplication in 1.936 seconds (process running for 2.28)
2026-03-30T18:10:01.374+03:00  INFO 33726 --- [Banking-Backend-API] [http-nio-8080-exec-2] o.a.c.c.C.[Tomcat].[localhost].[/]       : Initializing Spring DispatcherServlet 'dispatcherServlet'
2026-03-30T18:10:01.375+03:00  INFO 33726 --- [Banking-Backend-API] [http-nio-8080-exec-2] o.s.web.servlet.DispatcherServlet        : Initializing Servlet 'dispatcherServlet'
2026-03-30T18:10:01.381+03:00  INFO 33726 --- [Banking-Backend-API] [http-nio-8080-exec-2] o.s.web.servlet.DispatcherServlet        : Completed initialization in 6 ms
2026-03-30T18:10:01.648+03:00  INFO 33726 --- [Banking-Backend-API] [http-nio-8080-exec-2] c.e.b.service.BankService                : Deposit request: account=123, amount=9000000.0
2026-03-30T18:10:04.787+03:00  WARN 33726 --- [Banking-Backend-API] [http-nio-8080-exec-3] c.e.b.service.BankService                : Withdraw request: account=123, amount=1850.0
2026-03-30T18:10:07.400+03:00  INFO 33726 --- [Banking-Backend-API] [http-nio-8080-exec-4] c.e.b.service.BankService                : Transfer: from=123, to=456, amount=1000000.0
